<?xml version="1.0" encoding="UTF-8"?>
<!-- Generated by org.testng.reporters.JUnitXMLReporter -->
<testsuite hostname="Akash" ignored="0" name="Default test" tests="3" failures="0" timestamp="02 Feb 2019 08:54:54 GMT" time="127.037" errors="0">
  <testcase name="contactsUsLinkTest" time="8.07" classname="com.qatest.testcases.HomepageTest"/>
  <testcase name="signInLinkTest" time="5.303" classname="com.qatest.testcases.HomepageTest"/>
  <testcase name="verifyHomepage" time="0.067" classname="com.qatest.testcases.HomepageTest"/>
</testsuite> <!-- Default test -->
