<?xml version="1.0" encoding="UTF-8"?>
<!-- Generated by org.testng.reporters.JUnitXMLReporter -->
<testsuite hostname="Akash" ignored="0" name="Free CRM App Test Cases" tests="4" failures="0" timestamp="02 Feb 2019 10:04:53 GMT" time="119.037" errors="0">
  <testcase name="contactsUsLinkTest" time="4.989" classname="com.qatest.testcases.HomepageTest"/>
  <testcase name="signInLinkTest" time="3.748" classname="com.qatest.testcases.HomepageTest"/>
  <testcase name="verifyHomepage" time="0.028" classname="com.qatest.testcases.HomepageTest"/>
  <testcase name="verify_email_field_test" time="2.802" classname="com.qatest.testcases.SignInPageTest"/>
</testsuite> <!-- Free CRM App Test Cases -->
